<?xml version="1.0" encoding="utf-8"?>
<TestRun id="8da26c4b-452b-4eae-b578-dd1fbbb95961" name="DumisaniMbhele(Luban@DESKTOP-J3OU5S0 2026-03-08 16:52:03" runUser="AzureAD\DumisaniMbhele(Luban" xmlns="http://microsoft.com/schemas/VisualStudio/TeamTest/2010">
  <Times creation="2026-03-08T16:52:03.6224546+02:00" queuing="2026-03-08T16:52:03.6224551+02:00" start="2026-03-08T16:51:36.5900899+02:00" finish="2026-03-08T16:52:15.0808243+02:00" />
  <TestSettings name="default" id="373c6217-aa1f-4b68-930e-78ed5dbe710b">
    <Deployment runDeploymentRoot="DumisaniMbhele_Luban_DESKTOP-J3OU5S0_2026-03-08_16_52_03" />
  </TestSettings>
  <Results>
    <UnitTestResult executionId="4cda3fd7-b2b7-4b7f-a7f0-92b3f00fe2d4" testId="827f1c8b-73b6-8fd9-d4d5-44ea052873f3" testName="Unsuccessful Login Attempts as any user(,,Please enter a valid email.,4)" computerName="DESKTOP-J3OU5S0" duration="00:00:06.1241572" startTime="2026-03-08T16:52:03.5850673+02:00" endTime="2026-03-08T16:52:09.7132876+02:00" testType="13cdc9d9-ddb5-4fa4-a97d-d965ccfc6d4b" outcome="Passed" testListId="8c84fa94-04c1-424b-9868-57a2d4851a1d" relativeResultsDirectory="4cda3fd7-b2b7-4b7f-a7f0-92b3f00fe2d4">
      <Output>
        <StdOut>Trace saved to: C:\Users\DumisaniMbhele(Luban\Code_Repository\ReqnRoll_Playwright_BDD_MSTEST_Framework_new\TestResults\Traces\Unsuccessful_Login_Attempts_as_any_user_20260308_165209.zip&#xD;
Video saved to: C:\Users\DumisaniMbhele(Luban\Code_Repository\ReqnRoll_Playwright_BDD_MSTEST_Framework_new\TestResults\Videos\Unsuccessful_Login_Attempts_as_any_user_20260308_[16-52-09].webm&#xD;
&#xD;
&#xD;
&#xD;
TestContext Messages:&#xD;
Given I am on the login page of the test system,&#xD;
-&gt; done: StepDefinitions.GivenIAmOnTheLoginPageOfTheTestSystem() (2.1s)&#xD;
When I enter an invalid email address "",&#xD;
-&gt; done: StepDefinitions.WhenIEnterAnInvalidEmailAddress("") (0.3s)&#xD;
And I enter an invalid password "",&#xD;
-&gt; done: StepDefinitions.WhenIEnterAnInvalidPassword("") (0.2s)&#xD;
And I click the login button,&#xD;
-&gt; done: StepDefinitions.WhenIClickTheLoginButton() (0.2s)&#xD;
Then I should remain on the login page indicated by the url remaining the same,&#xD;
-&gt; done: StepDefinitions.ThenIShouldRemainOnTheLoginPageIndicatedByTheUrlContaining() (0.2s)&#xD;
And I should see an error message or browser alert "Please enter a valid email." detailing the reason for the failed login attempt.&#xD;
-&gt; done: StepDefinitions.ThenIShouldSeeAnErrorMessageOrBrowserAlertDetailingTheReasonForTheFailedLoginAttempt("Please enter a va...") (0.0s)</StdOut>
      </Output>
    </UnitTestResult>
    <UnitTestResult executionId="3c869b40-b66a-4975-96e7-790f4d2ac2ae" testId="bf1fd865-8ade-9c4d-033c-e16292e129af" testName="Successful Login as An Employee User" computerName="DESKTOP-J3OU5S0" duration="00:00:24.2395276" startTime="2026-03-08T16:51:37.6612087+02:00" endTime="2026-03-08T16:52:03.5381841+02:00" testType="13cdc9d9-ddb5-4fa4-a97d-d965ccfc6d4b" outcome="Passed" testListId="8c84fa94-04c1-424b-9868-57a2d4851a1d" relativeResultsDirectory="3c869b40-b66a-4975-96e7-790f4d2ac2ae">
      <Output>
        <StdOut>Valid Password: Buhle@001&#xD;
Trace saved to: C:\Users\DumisaniMbhele(Luban\Code_Repository\ReqnRoll_Playwright_BDD_MSTEST_Framework_new\TestResults\Traces\Successful_Login_as_An_Employee_User_20260308_165202.zip&#xD;
Video saved to: C:\Users\DumisaniMbhele(Luban\Code_Repository\ReqnRoll_Playwright_BDD_MSTEST_Framework_new\TestResults\Videos\Successful_Login_as_An_Employee_User_20260308_[16-52-03].webm&#xD;
&#xD;
&#xD;
&#xD;
TestContext Messages:&#xD;
Given I am on the login page of the test system,&#xD;
-&gt; done: StepDefinitions.GivenIAmOnTheLoginPageOfTheTestSystem() (6.2s)&#xD;
When I enter a valid email address,&#xD;
-&gt; done: StepDefinitions.WhenIEnterAValidEmailAddress() (0.8s)&#xD;
And I enter a valid password,&#xD;
-&gt; done: StepDefinitions.WhenIEnterAValidPassword() (0.6s)&#xD;
And I click the login button,&#xD;
-&gt; done: StepDefinitions.WhenIClickTheLoginButton() (1.3s)&#xD;
Then I should see a url change to contain "/Dashboard",&#xD;
-&gt; done: StepDefinitions.ThenIShouldSeeAUrlChangeToContain("/Dashboard") (0.2s)&#xD;
And see a welcome message of "Welcome To Our Dashboard" on the page.&#xD;
-&gt; done: StepDefinitions.ThenSeeAWelcomeMessageOfOnThePage("Welcome To Our Da...") (0.2s)&#xD;
And see the tabs for for my role "Dashboard", "Project", "Employee", "Timesheet", "Room Booking", "Permissions" and Logout.&#xD;
-&gt; done: StepDefinitions.ThenSeeTheTabsForForMyRole("Dashboard", "Project", "Employee", "Timesheet", "Room Booking", "Permissions") (0.6s)</StdOut>
      </Output>
    </UnitTestResult>
    <UnitTestResult executionId="8801ad61-f73f-4122-8134-632e1a2a2a4e" testId="33b3e1a4-629c-2162-42fd-1dd3c0e9e406" testName="Unsuccessful Login Attempts as any user(whrishchenko8@multiply.com,,Please enter a valid password.,5)" computerName="DESKTOP-J3OU5S0" duration="00:00:11.2583597" startTime="2026-03-08T16:52:03.6248797+02:00" endTime="2026-03-08T16:52:14.9347980+02:00" testType="13cdc9d9-ddb5-4fa4-a97d-d965ccfc6d4b" outcome="Failed" testListId="8c84fa94-04c1-424b-9868-57a2d4851a1d" relativeResultsDirectory="8801ad61-f73f-4122-8134-632e1a2a2a4e">
      <Output>
        <StdOut>Screenshot saved to: C:\Users\DumisaniMbhele(Luban\Code_Repository\ReqnRoll_Playwright_BDD_MSTEST_Framework_new\TestResults\Screenshots\Unsuccessful_Login_Attempts_as_any_user_20260308_165213.png&#xD;
Trace saved to: C:\Users\DumisaniMbhele(Luban\Code_Repository\ReqnRoll_Playwright_BDD_MSTEST_Framework_new\TestResults\Traces\Unsuccessful_Login_Attempts_as_any_user_20260308_165213.zip&#xD;
Video saved to: C:\Users\DumisaniMbhele(Luban\Code_Repository\ReqnRoll_Playwright_BDD_MSTEST_Framework_new\TestResults\Videos\Unsuccessful_Login_Attempts_as_any_user_20260308_[16-52-14].webm&#xD;
&#xD;
&#xD;
&#xD;
TestContext Messages:&#xD;
Given I am on the login page of the test system,&#xD;
-&gt; done: StepDefinitions.GivenIAmOnTheLoginPageOfTheTestSystem() (1.6s)&#xD;
When I enter an invalid email address "whrishchenko8@multiply.com",&#xD;
-&gt; done: StepDefinitions.WhenIEnterAnInvalidEmailAddress("whrishchenko8@mul...") (0.1s)&#xD;
And I enter an invalid password "",&#xD;
-&gt; done: StepDefinitions.WhenIEnterAnInvalidPassword("") (0.2s)&#xD;
And I click the login button,&#xD;
-&gt; done: StepDefinitions.WhenIClickTheLoginButton() (0.5s)&#xD;
Then I should remain on the login page indicated by the url remaining the same,&#xD;
-&gt; done: StepDefinitions.ThenIShouldRemainOnTheLoginPageIndicatedByTheUrlContaining() (0.0s)&#xD;
And I should see an error message or browser alert "Please enter a valid password." detailing the reason for the failed login attempt.&#xD;
-&gt; error: Locator expected text matching regex 'Please enter a valid password.'
But was: '
                                    Please enter a valid email.
                                ' 
Call log:
  - Expect "ToContainTextAsync" with timeout 5000ms
  - waiting for Locator(".invalid-feedback").First
    8 × locator resolved to &lt;div class="invalid-feedback"&gt;↵                                    Please enter…&lt;/div&gt;
      - unexpected value "
                                    Please enter a valid email.
                                " (5.2s)</StdOut>
        <ErrorInfo>
          <Message>Test method ReqnRoll_Playwright_BDD_MSTEST_Framework.Features.LoginFuctionalityForCoreOpsWebApplicationFeature.UnsuccessfulLoginAttemptsAsAnyUser threw exception: &#xD;
Microsoft.Playwright.PlaywrightException: Locator expected text matching regex 'Please enter a valid password.'
But was: '
                                    Please enter a valid email.
                                ' 
Call log:
  - Expect "ToContainTextAsync" with timeout 5000ms
  - waiting for Locator(".invalid-feedback").First
    8 × locator resolved to &lt;div class="invalid-feedback"&gt;↵                                    Please enter…&lt;/div&gt;
      - unexpected value "
                                    Please enter a valid email.
                                "</Message>
          <StackTrace>   at Microsoft.Playwright.Core.AssertionsBase.ExpectImplAsync(String expression, FrameExpectOptions expectOptions, Object expected, String message, String title) in /_/src/Playwright/Core/AssertionsBase.cs:line 92&#xD;
   at Microsoft.Playwright.Core.AssertionsBase.ExpectImplAsync(String expression, ExpectedTextValue[] expectedText, Object expected, String message, String title, FrameExpectOptions options) in /_/src/Playwright/Core/AssertionsBase.cs:line 66&#xD;
   at Microsoft.Playwright.Core.AssertionsBase.ExpectImplAsync(String expression, ExpectedTextValue textValue, Object expected, String message, String title, FrameExpectOptions options) in /_/src/Playwright/Core/AssertionsBase.cs:line 58&#xD;
   at ReqnRoll_Playwright_BDD_MSTEST_Framework.PageObjects.LoginPage.VerifyErrorMessage(String expectedErrorMessage) in C:\Users\DumisaniMbhele(Luban\Code_Repository\ReqnRoll_Playwright_BDD_MSTEST_Framework_new\ReqnRoll_Playwright_BDD_MSTEST_Framework\PageObjects\LoginPage.cs:line 45&#xD;
   at ReqnRoll_Playwright_BDD_MSTEST_Framework.StepDefinitions.StepDefinitions.ThenIShouldSeeAnErrorMessageOrBrowserAlertDetailingTheReasonForTheFailedLoginAttempt(String expectedMessage) in C:\Users\DumisaniMbhele(Luban\Code_Repository\ReqnRoll_Playwright_BDD_MSTEST_Framework_new\ReqnRoll_Playwright_BDD_MSTEST_Framework\StepDefinitions\StepDefinitions.cs:line 130&#xD;
   at Reqnroll.Bindings.AsyncMethodHelper.ConvertTaskOfT(Task task, Boolean getValue)&#xD;
   at Reqnroll.Bindings.BindingDelegateInvoker.InvokeDelegateAsync(Delegate bindingDelegate, Object[] invokeArgs, ExecutionContextHolder executionContext)&#xD;
   at Reqnroll.Bindings.BindingInvoker.InvokeBindingAsync(IBinding binding, IContextManager contextManager, Object[] arguments, ITestTracer testTracer, DurationHolder durationHolder)&#xD;
   at Reqnroll.Infrastructure.TestExecutionEngine.ExecuteStepMatchAsync(BindingMatch match, Object[] arguments, DurationHolder durationHolder)&#xD;
   at Reqnroll.Infrastructure.TestExecutionEngine.ExecuteStepMatchAsync(BindingMatch match, Object[] arguments, DurationHolder durationHolder)&#xD;
   at Reqnroll.Infrastructure.TestExecutionEngine.&lt;&gt;c__DisplayClass57_0.&lt;&lt;ExecuteStepAsync&gt;b__7&gt;d.MoveNext()&#xD;
--- End of stack trace from previous location ---&#xD;
   at Reqnroll.Infrastructure.TestExecutionEngine.&lt;&gt;c__DisplayClass57_0.&lt;&lt;ExecuteStepAsync&gt;g__HandleStepExecutionExceptions|0&gt;d.MoveNext()&#xD;
   at Reqnroll.Infrastructure.TestExecutionEngine.OnAfterLastStepAsync()&#xD;
   at Reqnroll.TestRunner.CollectScenarioErrorsAsync()&#xD;
   at ReqnRoll_Playwright_BDD_MSTEST_Framework.Features.LoginFuctionalityForCoreOpsWebApplicationFeature.ScenarioCleanupAsync()&#xD;
   at ReqnRoll_Playwright_BDD_MSTEST_Framework.Features.LoginFuctionalityForCoreOpsWebApplicationFeature.UnsuccessfulLoginAttemptsAsAnyUser(String email, String password, String expected_Message, String __pickleIndex, String[] exampleTags) in C:\Users\DumisaniMbhele(Luban\Code_Repository\ReqnRoll_Playwright_BDD_MSTEST_Framework_new\ReqnRoll_Playwright_BDD_MSTEST_Framework\Features\Login.feature:line 52&#xD;
</StackTrace>
        </ErrorInfo>
      </Output>
    </UnitTestResult>
    <UnitTestResult executionId="0747b36d-31eb-4f39-bcae-6f1eea9b2796" testId="a3062161-d87c-34e0-7d7e-0e6b961ba0b3" testName="Successful Login as An Admin User" computerName="DESKTOP-J3OU5S0" duration="00:00:24.2394739" startTime="2026-03-08T16:51:37.6611330+02:00" endTime="2026-03-08T16:52:03.5383670+02:00" testType="13cdc9d9-ddb5-4fa4-a97d-d965ccfc6d4b" outcome="Passed" testListId="8c84fa94-04c1-424b-9868-57a2d4851a1d" relativeResultsDirectory="0747b36d-31eb-4f39-bcae-6f1eea9b2796">
      <Output>
        <StdOut>Trace saved to: C:\Users\DumisaniMbhele(Luban\Code_Repository\ReqnRoll_Playwright_BDD_MSTEST_Framework_new\TestResults\Traces\Successful_Login_as_An_Admin_User_20260308_165202.zip&#xD;
Video saved to: C:\Users\DumisaniMbhele(Luban\Code_Repository\ReqnRoll_Playwright_BDD_MSTEST_Framework_new\TestResults\Videos\Successful_Login_as_An_Admin_User_20260308_[16-52-03].webm&#xD;
&#xD;
&#xD;
&#xD;
TestContext Messages:&#xD;
Given I am on the login page of the test system,&#xD;
-&gt; done: StepDefinitions.GivenIAmOnTheLoginPageOfTheTestSystem() (6.2s)&#xD;
When I enter a admin email address,&#xD;
-&gt; done: StepDefinitions.WhenIEnterAAdminEmailAddress() (0.3s)&#xD;
And I enter an admin password,&#xD;
-&gt; done: StepDefinitions.WhenIEnterAdminPassword() (0.3s)&#xD;
And I click the login button,&#xD;
-&gt; done: StepDefinitions.WhenIClickTheLoginButton() (0.8s)&#xD;
Then I should see a url change to contain "/Dashboard",&#xD;
-&gt; done: StepDefinitions.ThenIShouldSeeAUrlChangeToContain("/Dashboard") (0.5s)&#xD;
And see a welcome message of "Welcome To Our Dashboard" on the page.&#xD;
-&gt; done: StepDefinitions.ThenSeeAWelcomeMessageOfOnThePage("Welcome To Our Da...") (0.3s)&#xD;
And see the tabs for for my role DashBoard, Project, Employee, Clients, Timesheet, Room Booking, Permissions, Work Allocation, Leave, Report, Logout.&#xD;
-&gt; done: StepDefinitions.ThenSeeTheTabsForForMyRoleAdmin() (1.5s)</StdOut>
      </Output>
    </UnitTestResult>
    <UnitTestResult executionId="90a40cdc-5450-4494-84e5-c7e00a71441c" testId="09a46e6d-425a-f80e-7f0e-1b86d0b1d375" testName="Unsuccessful Login Attempts as any user(,rR5$WX0&lt;58i,Please enter a valid email.,3)" computerName="DESKTOP-J3OU5S0" duration="00:00:06.0671068" startTime="2026-03-08T16:52:03.5846219+02:00" endTime="2026-03-08T16:52:09.6570903+02:00" testType="13cdc9d9-ddb5-4fa4-a97d-d965ccfc6d4b" outcome="Passed" testListId="8c84fa94-04c1-424b-9868-57a2d4851a1d" relativeResultsDirectory="90a40cdc-5450-4494-84e5-c7e00a71441c">
      <Output>
        <StdOut>Trace saved to: C:\Users\DumisaniMbhele(Luban\Code_Repository\ReqnRoll_Playwright_BDD_MSTEST_Framework_new\TestResults\Traces\Unsuccessful_Login_Attempts_as_any_user_20260308_165209.zip&#xD;
Video saved to: C:\Users\DumisaniMbhele(Luban\Code_Repository\ReqnRoll_Playwright_BDD_MSTEST_Framework_new\TestResults\Videos\Unsuccessful_Login_Attempts_as_any_user_20260308_[16-52-09].webm&#xD;
&#xD;
&#xD;
&#xD;
TestContext Messages:&#xD;
Given I am on the login page of the test system,&#xD;
-&gt; done: StepDefinitions.GivenIAmOnTheLoginPageOfTheTestSystem() (2.0s)&#xD;
When I enter an invalid email address "",&#xD;
-&gt; done: StepDefinitions.WhenIEnterAnInvalidEmailAddress("") (0.1s)&#xD;
And I enter an invalid password "rR5$WX0&lt;58i",&#xD;
-&gt; done: StepDefinitions.WhenIEnterAnInvalidPassword("rR5$WX0&lt;58i") (0.5s)&#xD;
And I click the login button,&#xD;
-&gt; done: StepDefinitions.WhenIClickTheLoginButton() (0.2s)&#xD;
Then I should remain on the login page indicated by the url remaining the same,&#xD;
-&gt; done: StepDefinitions.ThenIShouldRemainOnTheLoginPageIndicatedByTheUrlContaining() (0.1s)&#xD;
And I should see an error message or browser alert "Please enter a valid email." detailing the reason for the failed login attempt.&#xD;
-&gt; done: StepDefinitions.ThenIShouldSeeAnErrorMessageOrBrowserAlertDetailingTheReasonForTheFailedLoginAttempt("Please enter a va...") (0.1s)</StdOut>
      </Output>
    </UnitTestResult>
    <UnitTestResult executionId="d9135e6f-0501-4a4c-a352-43fdefe8626c" testId="22a01789-9d34-35cb-d255-8fb0c94fde6f" testName="Unsuccessful Login Attempts with Invalid Credentials" computerName="DESKTOP-J3OU5S0" duration="00:00:24.3385910" startTime="2026-03-08T16:51:37.6611934+02:00" endTime="2026-03-08T16:52:03.6240755+02:00" testType="13cdc9d9-ddb5-4fa4-a97d-d965ccfc6d4b" outcome="Passed" testListId="8c84fa94-04c1-424b-9868-57a2d4851a1d" relativeResultsDirectory="d9135e6f-0501-4a4c-a352-43fdefe8626c">
      <Output>
        <StdOut>-&gt; Loading plugin C:\Users\DumisaniMbhele(Luban\Code_Repository\ReqnRoll_Playwright_BDD_MSTEST_Framework_new\ReqnRoll_Playwright_BDD_MSTEST_Framework\bin\Debug\net10.0\Reqnroll.MSTest.ReqnrollPlugin.dll&#xD;
-&gt; Loading plugin C:\Users\DumisaniMbhele(Luban\Code_Repository\ReqnRoll_Playwright_BDD_MSTEST_Framework_new\ReqnRoll_Playwright_BDD_MSTEST_Framework\bin\Debug\net10.0\ReqnRoll_Playwright_BDD_MSTEST_Framework.dll&#xD;
-&gt; Using reqnroll.json&#xD;
Trace saved to: C:\Users\DumisaniMbhele(Luban\Code_Repository\ReqnRoll_Playwright_BDD_MSTEST_Framework_new\TestResults\Traces\Unsuccessful_Login_Attempts_with_Invalid_Credentials_20260308_165200.zip&#xD;
Video saved to: C:\Users\DumisaniMbhele(Luban\Code_Repository\ReqnRoll_Playwright_BDD_MSTEST_Framework_new\TestResults\Videos\Unsuccessful_Login_Attempts_with_Invalid_Credentials_20260308_[16-52-03].webm&#xD;
&#xD;
&#xD;
&#xD;
TestContext Messages:&#xD;
Given I am on the login page of the test system,&#xD;
-&gt; done: StepDefinitions.GivenIAmOnTheLoginPageOfTheTestSystem() (5.6s)&#xD;
When I enter an invalid email address "whrishchenko8@multiply.com",&#xD;
-&gt; done: StepDefinitions.WhenIEnterAnInvalidEmailAddress("whrishchenko8@mul...") (0.3s)&#xD;
And I enter an invalid password "rR5$WX0&lt;58i",&#xD;
-&gt; done: StepDefinitions.WhenIEnterAnInvalidPassword("rR5$WX0&lt;58i") (0.1s)&#xD;
And I click the login button,&#xD;
-&gt; done: StepDefinitions.WhenIClickTheLoginButton() (0.6s)&#xD;
Then I should remain on the login page indicated by the url remaining the same,&#xD;
-&gt; done: StepDefinitions.ThenIShouldRemainOnTheLoginPageIndicatedByTheUrlContaining() (0.8s)&#xD;
And I should see a popup message with the message "Incorrect credentials"&#xD;
-&gt; done: StepDefinitions.ThenIShouldSeeAPopupMessageWithTheMessage("Incorrect credent...") (0.0s)</StdOut>
      </Output>
    </UnitTestResult>
  </Results>
  <TestDefinitions>
    <UnitTest name="Unsuccessful Login Attempts as any user(,,Please enter a valid email.,4)" storage="c:\users\dumisanimbhele(luban\code_repository\reqnroll_playwright_bdd_mstest_framework_new\reqnroll_playwright_bdd_mstest_framework\bin\debug\net10.0\reqnroll_playwright_bdd_mstest_framework.dll" id="827f1c8b-73b6-8fd9-d4d5-44ea052873f3">
      <TestCategory>
        <TestCategoryItem TestCategory="regression" />
        <TestCategoryItem TestCategory="smoke" />
        <TestCategoryItem TestCategory="all" />
      </TestCategory>
      <Execution id="4cda3fd7-b2b7-4b7f-a7f0-92b3f00fe2d4" />
      <TestMethod codeBase="C:\Users\DumisaniMbhele(Luban\Code_Repository\ReqnRoll_Playwright_BDD_MSTEST_Framework_new\ReqnRoll_Playwright_BDD_MSTEST_Framework\bin\Debug\net10.0\ReqnRoll_Playwright_BDD_MSTEST_Framework.dll" adapterTypeName="executor://mstestadapter/v2" className="ReqnRoll_Playwright_BDD_MSTEST_Framework.Features.LoginFuctionalityForCoreOpsWebApplicationFeature" name="UnsuccessfulLoginAttemptsAsAnyUser" />
    </UnitTest>
    <UnitTest name="Unsuccessful Login Attempts as any user(whrishchenko8@multiply.com,,Please enter a valid password.,5)" storage="c:\users\dumisanimbhele(luban\code_repository\reqnroll_playwright_bdd_mstest_framework_new\reqnroll_playwright_bdd_mstest_framework\bin\debug\net10.0\reqnroll_playwright_bdd_mstest_framework.dll" id="33b3e1a4-629c-2162-42fd-1dd3c0e9e406">
      <TestCategory>
        <TestCategoryItem TestCategory="regression" />
        <TestCategoryItem TestCategory="smoke" />
        <TestCategoryItem TestCategory="all" />
      </TestCategory>
      <Execution id="8801ad61-f73f-4122-8134-632e1a2a2a4e" />
      <TestMethod codeBase="C:\Users\DumisaniMbhele(Luban\Code_Repository\ReqnRoll_Playwright_BDD_MSTEST_Framework_new\ReqnRoll_Playwright_BDD_MSTEST_Framework\bin\Debug\net10.0\ReqnRoll_Playwright_BDD_MSTEST_Framework.dll" adapterTypeName="executor://mstestadapter/v2" className="ReqnRoll_Playwright_BDD_MSTEST_Framework.Features.LoginFuctionalityForCoreOpsWebApplicationFeature" name="UnsuccessfulLoginAttemptsAsAnyUser" />
    </UnitTest>
    <UnitTest name="Successful Login as An Employee User" storage="c:\users\dumisanimbhele(luban\code_repository\reqnroll_playwright_bdd_mstest_framework_new\reqnroll_playwright_bdd_mstest_framework\bin\debug\net10.0\reqnroll_playwright_bdd_mstest_framework.dll" id="bf1fd865-8ade-9c4d-033c-e16292e129af">
      <TestCategory>
        <TestCategoryItem TestCategory="regression" />
        <TestCategoryItem TestCategory="smoke" />
        <TestCategoryItem TestCategory="all" />
      </TestCategory>
      <Execution id="3c869b40-b66a-4975-96e7-790f4d2ac2ae" />
      <TestMethod codeBase="C:\Users\DumisaniMbhele(Luban\Code_Repository\ReqnRoll_Playwright_BDD_MSTEST_Framework_new\ReqnRoll_Playwright_BDD_MSTEST_Framework\bin\Debug\net10.0\ReqnRoll_Playwright_BDD_MSTEST_Framework.dll" adapterTypeName="executor://mstestadapter/v2" className="ReqnRoll_Playwright_BDD_MSTEST_Framework.Features.LoginFuctionalityForCoreOpsWebApplicationFeature" name="SuccessfulLoginAsAnEmployeeUser" />
    </UnitTest>
    <UnitTest name="Unsuccessful Login Attempts as any user(,rR5$WX0&lt;58i,Please enter a valid email.,3)" storage="c:\users\dumisanimbhele(luban\code_repository\reqnroll_playwright_bdd_mstest_framework_new\reqnroll_playwright_bdd_mstest_framework\bin\debug\net10.0\reqnroll_playwright_bdd_mstest_framework.dll" id="09a46e6d-425a-f80e-7f0e-1b86d0b1d375">
      <TestCategory>
        <TestCategoryItem TestCategory="regression" />
        <TestCategoryItem TestCategory="smoke" />
        <TestCategoryItem TestCategory="all" />
      </TestCategory>
      <Execution id="90a40cdc-5450-4494-84e5-c7e00a71441c" />
      <TestMethod codeBase="C:\Users\DumisaniMbhele(Luban\Code_Repository\ReqnRoll_Playwright_BDD_MSTEST_Framework_new\ReqnRoll_Playwright_BDD_MSTEST_Framework\bin\Debug\net10.0\ReqnRoll_Playwright_BDD_MSTEST_Framework.dll" adapterTypeName="executor://mstestadapter/v2" className="ReqnRoll_Playwright_BDD_MSTEST_Framework.Features.LoginFuctionalityForCoreOpsWebApplicationFeature" name="UnsuccessfulLoginAttemptsAsAnyUser" />
    </UnitTest>
    <UnitTest name="Successful Login as An Admin User" storage="c:\users\dumisanimbhele(luban\code_repository\reqnroll_playwright_bdd_mstest_framework_new\reqnroll_playwright_bdd_mstest_framework\bin\debug\net10.0\reqnroll_playwright_bdd_mstest_framework.dll" id="a3062161-d87c-34e0-7d7e-0e6b961ba0b3">
      <TestCategory>
        <TestCategoryItem TestCategory="regression" />
        <TestCategoryItem TestCategory="smoke" />
        <TestCategoryItem TestCategory="all" />
      </TestCategory>
      <Execution id="0747b36d-31eb-4f39-bcae-6f1eea9b2796" />
      <TestMethod codeBase="C:\Users\DumisaniMbhele(Luban\Code_Repository\ReqnRoll_Playwright_BDD_MSTEST_Framework_new\ReqnRoll_Playwright_BDD_MSTEST_Framework\bin\Debug\net10.0\ReqnRoll_Playwright_BDD_MSTEST_Framework.dll" adapterTypeName="executor://mstestadapter/v2" className="ReqnRoll_Playwright_BDD_MSTEST_Framework.Features.LoginFuctionalityForCoreOpsWebApplicationFeature" name="SuccessfulLoginAsAnAdminUser" />
    </UnitTest>
    <UnitTest name="Unsuccessful Login Attempts with Invalid Credentials" storage="c:\users\dumisanimbhele(luban\code_repository\reqnroll_playwright_bdd_mstest_framework_new\reqnroll_playwright_bdd_mstest_framework\bin\debug\net10.0\reqnroll_playwright_bdd_mstest_framework.dll" id="22a01789-9d34-35cb-d255-8fb0c94fde6f">
      <TestCategory>
        <TestCategoryItem TestCategory="regression" />
        <TestCategoryItem TestCategory="smoke" />
        <TestCategoryItem TestCategory="all" />
      </TestCategory>
      <Execution id="d9135e6f-0501-4a4c-a352-43fdefe8626c" />
      <TestMethod codeBase="C:\Users\DumisaniMbhele(Luban\Code_Repository\ReqnRoll_Playwright_BDD_MSTEST_Framework_new\ReqnRoll_Playwright_BDD_MSTEST_Framework\bin\Debug\net10.0\ReqnRoll_Playwright_BDD_MSTEST_Framework.dll" adapterTypeName="executor://mstestadapter/v2" className="ReqnRoll_Playwright_BDD_MSTEST_Framework.Features.LoginFuctionalityForCoreOpsWebApplicationFeature" name="UnsuccessfulLoginAttemptsWithInvalidCredentials" />
    </UnitTest>
  </TestDefinitions>
  <TestEntries>
    <TestEntry testId="827f1c8b-73b6-8fd9-d4d5-44ea052873f3" executionId="4cda3fd7-b2b7-4b7f-a7f0-92b3f00fe2d4" testListId="8c84fa94-04c1-424b-9868-57a2d4851a1d" />
    <TestEntry testId="bf1fd865-8ade-9c4d-033c-e16292e129af" executionId="3c869b40-b66a-4975-96e7-790f4d2ac2ae" testListId="8c84fa94-04c1-424b-9868-57a2d4851a1d" />
    <TestEntry testId="33b3e1a4-629c-2162-42fd-1dd3c0e9e406" executionId="8801ad61-f73f-4122-8134-632e1a2a2a4e" testListId="8c84fa94-04c1-424b-9868-57a2d4851a1d" />
    <TestEntry testId="a3062161-d87c-34e0-7d7e-0e6b961ba0b3" executionId="0747b36d-31eb-4f39-bcae-6f1eea9b2796" testListId="8c84fa94-04c1-424b-9868-57a2d4851a1d" />
    <TestEntry testId="09a46e6d-425a-f80e-7f0e-1b86d0b1d375" executionId="90a40cdc-5450-4494-84e5-c7e00a71441c" testListId="8c84fa94-04c1-424b-9868-57a2d4851a1d" />
    <TestEntry testId="22a01789-9d34-35cb-d255-8fb0c94fde6f" executionId="d9135e6f-0501-4a4c-a352-43fdefe8626c" testListId="8c84fa94-04c1-424b-9868-57a2d4851a1d" />
  </TestEntries>
  <TestLists>
    <TestList name="Results Not in a List" id="8c84fa94-04c1-424b-9868-57a2d4851a1d" />
    <TestList name="All Loaded Results" id="19431567-8539-422a-85d7-44ee4e166bda" />
  </TestLists>
  <ResultSummary outcome="Failed">
    <Counters total="6" executed="6" passed="5" failed="1" error="0" timeout="0" aborted="0" inconclusive="0" passedButRunAborted="0" notRunnable="0" notExecuted="0" disconnected="0" warning="0" completed="0" inProgress="0" pending="0" />
    <Output>
      <StdOut>Test Parallelization enabled for C:\Users\DumisaniMbhele(Luban\Code_Repository\ReqnRoll_Playwright_BDD_MSTEST_Framework_new\ReqnRoll_Playwright_BDD_MSTEST_Framework\bin\Debug\net10.0\ReqnRoll_Playwright_BDD_MSTEST_Framework.dll (Workers: 3, Scope: MethodLevel)&#xD;
</StdOut>
    </Output>
  </ResultSummary>
</TestRun>